*** Starting uWSGI 2.0.14 (64bit) on [Thu Mar  2 19:35:33 2017] ***
compiled with version: 5.4.0 20160609 on 01 March 2017 15:37:43
os: Linux-4.4.0-45-generic #66-Ubuntu SMP Wed Oct 19 14:12:37 UTC 2016
nodename: xuchu
machine: x86_64
clock source: unix
detected number of CPU cores: 4
current working directory: /home/xuchu/xcpy/xcDjango/acfun_qa_home
detected binary path: /usr/local/bin/uwsgi
!!! no internal routing support, rebuild with pcre support !!!
chdir() to /home/xuchu/xcpy/xcDjango/acfun_qa_home/
your processes number limit is 31513
your memory page size is 4096 bytes
detected max file descriptor number: 1024
lock engine: pthread robust mutexes
thunder lock: disabled (you can enable it with --thunder-lock)
uWSGI http bound on :8020 fd 4
uwsgi socket 0 bound to TCP address 127.0.0.1:35048 (port auto-assigned) fd 3
Python version: 2.7.12 (default, Nov 19 2016, 06:48:10)  [GCC 5.4.0 20160609]
Python main interpreter initialized at 0xd6e6e0
python threads support enabled
your server socket listen backlog is limited to 100 connections
your mercy for graceful operations on workers is 60 seconds
mapped 415360 bytes (405 KB) for 8 cores
*** Operational MODE: preforking+threaded ***
WSGI app 0 (mountpoint='') ready in 0 seconds on interpreter 0xd6e6e0 pid: 17134 (default app)
*** uWSGI is running in multiple interpreter mode ***
spawned uWSGI master process (pid: 17134)
spawned uWSGI worker 1 (pid: 17137, cores: 2)
spawned uWSGI worker 2 (pid: 17138, cores: 2)
spawned uWSGI worker 3 (pid: 17139, cores: 2)
spawned uWSGI worker 4 (pid: 17140, cores: 2)
spawned uWSGI http 1 (pid: 17141)
xuchu : 1
[pid: 17138|app: 0|req: 1/1] 192.168.35.17 () {38 vars in 717 bytes} [Thu Mar  2 19:36:10 2017] GET / => generated 2142 bytes in 256 msecs (HTTP/1.1 200) 5 headers in 142 bytes (1 switches on core 0)
[pid: 17138|app: 0|req: 2/2] 192.168.35.17 () {38 vars in 723 bytes} [Thu Mar  2 19:36:11 2017] GET /static/css/bootstrap.min.css => generated 102 bytes in 16 msecs (HTTP/1.1 404) 3 headers in 101 bytes (1 switches on core 1)
[pid: 17137|app: 0|req: 1/3] 192.168.35.17 () {38 vars in 707 bytes} [Thu Mar  2 19:36:11 2017] GET /static/local_css.css => generated 94 bytes in 247 msecs (HTTP/1.1 404) 3 headers in 100 bytes (1 switches on core 0)
[pid: 17138|app: 0|req: 3/4] 192.168.35.17 () {38 vars in 707 bytes} [Thu Mar  2 19:36:26 2017] GET /static/local_css.css => generated 94 bytes in 5 msecs (HTTP/1.1 404) 3 headers in 100 bytes (1 switches on core 0)
[pid: 17140|app: 0|req: 1/5] 192.168.35.17 () {38 vars in 723 bytes} [Thu Mar  2 19:36:26 2017] GET /static/css/bootstrap.min.css => generated 102 bytes in 241 msecs (HTTP/1.1 404) 3 headers in 101 bytes (1 switches on core 0)
xuchu : 1
[pid: 17139|app: 0|req: 1/6] 192.168.35.17 () {40 vars in 748 bytes} [Thu Mar  2 19:36:28 2017] GET / => generated 2142 bytes in 255 msecs (HTTP/1.1 200) 5 headers in 142 bytes (1 switches on core 0)
[pid: 17138|app: 0|req: 4/7] 192.168.35.17 () {38 vars in 723 bytes} [Thu Mar  2 19:36:28 2017] GET /static/css/bootstrap.min.css => generated 102 bytes in 2 msecs (HTTP/1.1 404) 3 headers in 101 bytes (1 switches on core 1)
[pid: 17137|app: 0|req: 2/8] 192.168.35.17 () {38 vars in 707 bytes} [Thu Mar  2 19:36:28 2017] GET /static/local_css.css => generated 94 bytes in 2 msecs (HTTP/1.1 404) 3 headers in 100 bytes (1 switches on core 1)
xuchu : 1
[pid: 17138|app: 0|req: 5/9] 192.168.35.17 () {40 vars in 748 bytes} [Thu Mar  2 19:36:29 2017] GET / => generated 2142 bytes in 9 msecs (HTTP/1.1 200) 5 headers in 142 bytes (1 switches on core 0)
[pid: 17138|app: 0|req: 6/10] 192.168.35.17 () {38 vars in 707 bytes} [Thu Mar  2 19:36:29 2017] GET /static/local_css.css => generated 94 bytes in 3 msecs (HTTP/1.1 404) 3 headers in 100 bytes (1 switches on core 1)
[pid: 17139|app: 0|req: 2/11] 192.168.35.17 () {38 vars in 723 bytes} [Thu Mar  2 19:36:29 2017] GET /static/css/bootstrap.min.css => generated 102 bytes in 9 msecs (HTTP/1.1 404) 3 headers in 101 bytes (1 switches on core 1)
*** Starting uWSGI 2.0.14 (64bit) on [Thu Mar  2 19:36:46 2017] ***
compiled with version: 5.4.0 20160609 on 01 March 2017 15:37:43
os: Linux-4.4.0-45-generic #66-Ubuntu SMP Wed Oct 19 14:12:37 UTC 2016
nodename: xuchu
machine: x86_64
clock source: unix
detected number of CPU cores: 4
current working directory: /home/xuchu/xcpy/xcDjango/acfun_qa_home
detected binary path: /usr/local/bin/uwsgi
!!! no internal routing support, rebuild with pcre support !!!
chdir() to /home/xuchu/xcpy/xcDjango/acfun_qa_home/
your processes number limit is 31513
your memory page size is 4096 bytes
detected max file descriptor number: 1024
lock engine: pthread robust mutexes
thunder lock: disabled (you can enable it with --thunder-lock)
probably another instance of uWSGI is running on the same address (:8020).
bind(): Address already in use [core/socket.c line 769]
*** Starting uWSGI 2.0.14 (64bit) on [Thu Mar  2 19:37:46 2017] ***
compiled with version: 5.4.0 20160609 on 01 March 2017 15:37:43
os: Linux-4.4.0-45-generic #66-Ubuntu SMP Wed Oct 19 14:12:37 UTC 2016
nodename: xuchu
machine: x86_64
clock source: unix
detected number of CPU cores: 4
current working directory: /home/xuchu/xcpy/xcDjango/acfun_qa_home
detected binary path: /usr/local/bin/uwsgi
!!! no internal routing support, rebuild with pcre support !!!
chdir() to /home/xuchu/xcpy/xcDjango/acfun_qa_home/
your processes number limit is 31513
your memory page size is 4096 bytes
detected max file descriptor number: 1024
lock engine: pthread robust mutexes
thunder lock: disabled (you can enable it with --thunder-lock)
probably another instance of uWSGI is running on the same address (:8020).
bind(): Address already in use [core/socket.c line 769]
xuchu : 1
[pid: 17140|app: 0|req: 2/12] 192.168.35.17 () {40 vars in 748 bytes} [Thu Mar  2 19:37:48 2017] GET / => generated 2142 bytes in 31 msecs (HTTP/1.1 200) 5 headers in 142 bytes (1 switches on core 0)
[pid: 17138|app: 0|req: 8/13] 192.168.35.17 () {38 vars in 723 bytes} [Thu Mar  2 19:37:48 2017] GET /static/css/bootstrap.min.css => generated 102 bytes in 5 msecs (HTTP/1.1 404) 3 headers in 101 bytes (1 switches on core 0)
[pid: 17138|app: 0|req: 8/14] 192.168.35.17 () {38 vars in 707 bytes} [Thu Mar  2 19:37:48 2017] GET /static/local_css.css => generated 94 bytes in 5 msecs (HTTP/1.1 404) 3 headers in 100 bytes (1 switches on core 1)
xuchu : 1
[pid: 17139|app: 0|req: 3/15] 192.168.35.17 () {38 vars in 717 bytes} [Thu Mar  2 19:38:21 2017] GET / => generated 2142 bytes in 9 msecs (HTTP/1.1 200) 5 headers in 142 bytes (1 switches on core 0)
[pid: 17140|app: 0|req: 3/16] 192.168.35.17 () {38 vars in 723 bytes} [Thu Mar  2 19:38:21 2017] GET /static/css/bootstrap.min.css => generated 102 bytes in 3 msecs (HTTP/1.1 404) 3 headers in 101 bytes (1 switches on core 1)
[pid: 17138|app: 0|req: 9/17] 192.168.35.17 () {38 vars in 707 bytes} [Thu Mar  2 19:38:21 2017] GET /static/local_css.css => generated 94 bytes in 2 msecs (HTTP/1.1 404) 3 headers in 100 bytes (1 switches on core 0)
xuchu : 1
[pid: 17140|app: 0|req: 4/18] 192.168.35.17 () {40 vars in 748 bytes} [Thu Mar  2 19:38:21 2017] GET / => generated 2142 bytes in 7 msecs (HTTP/1.1 200) 5 headers in 142 bytes (1 switches on core 0)
[pid: 17139|app: 0|req: 4/20] 192.168.35.17 () {38 vars in 707 bytes} [Thu Mar  2 19:38:21 2017] GET /static/local_css.css => generated 94 bytes in 3 msecs (HTTP/1.1 404) 3 headers in 100 bytes (1 switches on core 1)
[pid: 17137|app: 0|req: 3/20] 192.168.35.17 () {38 vars in 723 bytes} [Thu Mar  2 19:38:21 2017] GET /static/css/bootstrap.min.css => generated 102 bytes in 3 msecs (HTTP/1.1 404) 3 headers in 101 bytes (1 switches on core 0)
[pid: 17137|app: 0|req: 4/21] 192.168.35.17 () {38 vars in 729 bytes} [Thu Mar  2 19:38:24 2017] GET /admin/ => generated 0 bytes in 67 msecs (HTTP/1.1 302) 7 headers in 265 bytes (1 switches on core 1)
[pid: 17140|app: 0|req: 5/22] 192.168.35.17 () {38 vars in 766 bytes} [Thu Mar  2 19:38:24 2017] GET /admin/login/?next=/admin/ => generated 1654 bytes in 64 msecs (HTTP/1.1 200) 7 headers in 381 bytes (1 switches on core 1)
[pid: 17138|app: 0|req: 10/23] 192.168.35.17 () {38 vars in 742 bytes} [Thu Mar  2 19:38:24 2017] GET /static/admin/css/base.css => generated 99 bytes in 2 msecs (HTTP/1.1 404) 3 headers in 100 bytes (1 switches on core 1)
[pid: 17138|app: 0|req: 11/24] 192.168.35.17 () {38 vars in 744 bytes} [Thu Mar  2 19:38:24 2017] GET /static/admin/css/login.css => generated 100 bytes in 3 msecs (HTTP/1.1 404) 3 headers in 101 bytes (1 switches on core 0)
[pid: 17138|app: 0|req: 12/25] 192.168.35.17 () {38 vars in 729 bytes} [Thu Mar  2 19:38:24 2017] GET /admin/ => generated 0 bytes in 71 msecs (HTTP/1.1 302) 7 headers in 265 bytes (1 switches on core 1)
[pid: 17138|app: 0|req: 13/26] 192.168.35.17 () {38 vars in 766 bytes} [Thu Mar  2 19:38:24 2017] GET /admin/login/?next=/admin/ => generated 1654 bytes in 51 msecs (HTTP/1.1 200) 7 headers in 381 bytes (1 switches on core 0)
[pid: 17140|app: 0|req: 6/28] 192.168.35.17 () {38 vars in 744 bytes} [Thu Mar  2 19:38:24 2017] GET /static/admin/css/login.css => generated 100 bytes in 1 msecs (HTTP/1.1 404) 3 headers in 101 bytes (1 switches on core 0)
[pid: 17138|app: 0|req: 14/28] 192.168.35.17 () {38 vars in 742 bytes} [Thu Mar  2 19:38:24 2017] GET /static/admin/css/base.css => generated 99 bytes in 1 msecs (HTTP/1.1 404) 3 headers in 100 bytes (1 switches on core 1)
gateway "uWSGI http 1" has been buried (pid: 17141)
...brutally killing workers...
worker 1 buried after 1 seconds
worker 2 buried after 1 seconds
worker 3 buried after 1 seconds
worker 4 buried after 1 seconds
binary reloading uWSGI...
chdir() to /home/xuchu/xcpy/xcDjango/acfun_qa_home
closing all non-uwsgi socket fds > 2 (max_fd = 1024)...
found fd 3 mapped to socket 0 (127.0.0.1:35048)
running /usr/local/bin/uwsgi
[uWSGI] getting INI configuration from acfun_qa_home_uwsgi.ini
*** Starting uWSGI 2.0.14 (64bit) on [Thu Mar  2 19:40:34 2017] ***
compiled with version: 5.4.0 20160609 on 01 March 2017 15:37:43
os: Linux-4.4.0-45-generic #66-Ubuntu SMP Wed Oct 19 14:12:37 UTC 2016
nodename: xuchu
machine: x86_64
clock source: unix
detected number of CPU cores: 4
current working directory: /home/xuchu/xcpy/xcDjango/acfun_qa_home
detected binary path: /usr/local/bin/uwsgi
!!! no internal routing support, rebuild with pcre support !!!
chdir() to /home/xuchu/xcpy/xcDjango/acfun_qa_home/
your processes number limit is 31513
your memory page size is 4096 bytes
detected max file descriptor number: 1024
lock engine: pthread robust mutexes
thunder lock: disabled (you can enable it with --thunder-lock)
uWSGI http bound on :8020 fd 5
uwsgi socket 0 bound to TCP address 127.0.0.1:33370 (port auto-assigned) fd 4
Python version: 2.7.12 (default, Nov 19 2016, 06:48:10)  [GCC 5.4.0 20160609]
Python main interpreter initialized at 0x2429620
python threads support enabled
your server socket listen backlog is limited to 100 connections
your mercy for graceful operations on workers is 60 seconds
mapped 415360 bytes (405 KB) for 8 cores
*** Operational MODE: preforking+threaded ***
WSGI app 0 (mountpoint='') ready in 0 seconds on interpreter 0x2429620 pid: 17134 (default app)
*** uWSGI is running in multiple interpreter mode ***
gracefully (RE)spawned uWSGI master process (pid: 17134)
spawned uWSGI worker 1 (pid: 17253, cores: 2)
spawned uWSGI worker 2 (pid: 17254, cores: 2)
spawned uWSGI worker 3 (pid: 17255, cores: 2)
spawned uWSGI worker 4 (pid: 17256, cores: 2)
spawned uWSGI http 1 (pid: 17257)
Thu Mar  2 19:40:47 2017 - uWSGI worker 2 screams: UAAAAAAH my master disconnected: i will kill myself !!!
Thu Mar  2 19:40:47 2017 - uWSGI worker 3 screams: UAAAAAAH my master disconnected: i will kill myself !!!
Thu Mar  2 19:40:47 2017 - uWSGI worker 1 screams: UAAAAAAH my master disconnected: i will kill myself !!!
Thu Mar  2 19:40:47 2017 - uWSGI worker 3 screams: UAAAAAAH my master disconnected: i will kill myself !!!
Thu Mar  2 19:40:47 2017 - uWSGI worker 2 screams: UAAAAAAH my master disconnected: i will kill myself !!!
Thu Mar  2 19:40:47 2017 - uWSGI worker 1 screams: UAAAAAAH my master disconnected: i will kill myself !!!
Thu Mar  2 19:40:47 2017 - uWSGI worker 4 screams: UAAAAAAH my master disconnected: i will kill myself !!!
Thu Mar  2 19:40:47 2017 - uWSGI worker 4 screams: UAAAAAAH my master disconnected: i will kill myself !!!
